feedhungry/proguard.cfg
-optimizationpasses 5
-dontusemixedcaseclassnames
-dontskipnonpubliclibraryclasses
-dontpreverify
-verbose
-optimizations !code/simplification/arithmetic,!field/*,!class/merging/*,!code/allocation/variable
-ignorewarnings
-renamesourcefileattribute SourceFile
-keepattributes SourceFile,LineNumberTable,*Annotation*,Signature
 

-keepattributes *Annotation*

-keep public class * extends android.app.Activity
-keep public class * extends android.app.Application
-keep public class * extends android.app.Service
-keep public class * extends android.content.BroadcastReceiver
-keep public class * extends android.content.ContentProvider

-keep public class * extends android.view.View {
    public <init>(android.content.Context);
    public <init>(android.content.Context, android.util.AttributeSet);
    public <init>(android.content.Context, android.util.AttributeSet, int);
    public void set*(...);
}

-keepclasseswithmembernames class * {
    native <methods>;
}

-keepclassmembers enum * {
    public static **[] values();
    public static ** valueOf(java.lang.String);
}

-keepclasseswithmembers class * {
    public <init>(android.content.Context, android.util.AttributeSet);
}

-keepclasseswithmembers class * {
    public <init>(android.content.Context, android.util.AttributeSet, int);
}

-keepclassmembers class * extends android.content.Context {
    public void *(android.view.View);
    public void *(android.view.MenuItem);
}

-keepclassmembers class * implements android.os.Parcelable {
    static android.os.Parcelable$Creator CREATOR;
}

-keepclassmembers class **.R$* {
    public static <fields>;
}


# -- Action Bar Sherlock --
# from http://actionbarsherlock.com/faq.html

-keep class com.actionbarsherlock.** { *; }
-keep interface com.actionbarsherlock.** { *; }

# -- Nine Old Androids --
# same configs as ABS from http://actionbarsherlock.com/faq.html just changed package

-keep class com.nineoldandroids.** { *; }
-keep interface com.nineoldandroids.** { *; }



# -- Rest Template --

-keepclassmembers public class org.springframework {
   public *;
}

-dontwarn org.springframework.http.**

# -- Crashlytics
-libraryjars libs
-keep class com.crashlytics.** { *; }