feedhungry/proguard/seeds.txt
com.yairkukielka.feedhungry.FeedEntryActivity
com.yairkukielka.feedhungry.FeedEntryActivity: FeedEntryActivity()
com.yairkukielka.feedhungry.FeedEntryActivity_
com.yairkukielka.feedhungry.FeedEntryActivity_: FeedEntryActivity_()
com.yairkukielka.feedhungry.FeedEntryActivity_: void setContentView(android.view.View)
com.yairkukielka.feedhungry.MainActivity
com.yairkukielka.feedhungry.MainActivity: MainActivity()
com.yairkukielka.feedhungry.MainActivity_
com.yairkukielka.feedhungry.MainActivity_: MainActivity_()
com.yairkukielka.feedhungry.MainActivity_: void setContentView(android.view.View)
com.yairkukielka.feedhungry.R$anim: int close_main
com.yairkukielka.feedhungry.R$anim: int close_next
com.yairkukielka.feedhungry.R$anim: int fade_in_activity
com.yairkukielka.feedhungry.R$anim: int fade_in_title
com.yairkukielka.feedhungry.R$anim: int fade_out
com.yairkukielka.feedhungry.R$anim: int open_main
com.yairkukielka.feedhungry.R$anim: int open_next
com.yairkukielka.feedhungry.R$anim: int push_up_in
com.yairkukielka.feedhungry.R$anim: int wave_scale
com.yairkukielka.feedhungry.R$array: int pageSizeListentries
com.yairkukielka.feedhungry.R$array: int tags
com.yairkukielka.feedhungry.R$attr: int actionBarDivider
com.yairkukielka.feedhungry.R$attr: int actionBarItemBackground
com.yairkukielka.feedhungry.R$attr: int actionBarSize
com.yairkukielka.feedhungry.R$attr: int actionBarSplitStyle
com.yairkukielka.feedhungry.R$attr: int actionBarStyle
com.yairkukielka.feedhungry.R$attr: int actionBarTabBarStyle
com.yairkukielka.feedhungry.R$attr: int actionBarTabStyle
com.yairkukielka.feedhungry.R$attr: int actionBarTabTextStyle
com.yairkukielka.feedhungry.R$attr: int actionBarWidgetTheme
com.yairkukielka.feedhungry.R$attr: int actionButtonStyle
com.yairkukielka.feedhungry.R$attr: int actionDropDownStyle
com.yairkukielka.feedhungry.R$attr: int actionMenuTextAppearance
com.yairkukielka.feedhungry.R$attr: int actionMenuTextColor
com.yairkukielka.feedhungry.R$attr: int actionModeBackground
com.yairkukielka.feedhungry.R$attr: int actionModeCloseButtonStyle
com.yairkukielka.feedhungry.R$attr: int actionModeCloseDrawable
com.yairkukielka.feedhungry.R$attr: int actionModePopupWindowStyle
com.yairkukielka.feedhungry.R$attr: int actionModeShareDrawable
com.yairkukielka.feedhungry.R$attr: int actionModeSplitBackground
com.yairkukielka.feedhungry.R$attr: int actionModeStyle
com.yairkukielka.feedhungry.R$attr: int actionOverflowButtonStyle
com.yairkukielka.feedhungry.R$attr: int actionSpinnerItemStyle
com.yairkukielka.feedhungry.R$attr: int activatedBackgroundIndicator
com.yairkukielka.feedhungry.R$attr: int activityChooserViewStyle
com.yairkukielka.feedhungry.R$bool: int abs__action_bar_embed_tabs
com.yairkukielka.feedhungry.R$bool: int abs__action_bar_expanded_action_views_exclusive
com.yairkukielka.feedhungry.R$bool: int abs__config_actionMenuItemAllCaps
com.yairkukielka.feedhungry.R$bool: int abs__config_allowActionMenuItemTextWithIcon
com.yairkukielka.feedhungry.R$bool: int abs__config_showMenuShortcutsWhenKeyboardPresent
com.yairkukielka.feedhungry.R$bool: int abs__split_action_bar_is_narrow
com.yairkukielka.feedhungry.R$color: int abs__background_holo_dark
com.yairkukielka.feedhungry.R$color: int abs__background_holo_light
com.yairkukielka.feedhungry.R$color: int abs__bright_foreground_disabled_holo_dark
com.yairkukielka.feedhungry.R$color: int abs__bright_foreground_disabled_holo_light
com.yairkukielka.feedhungry.R$color: int abs__bright_foreground_holo_dark
com.yairkukielka.feedhungry.R$color: int abs__bright_foreground_holo_light
com.yairkukielka.feedhungry.R$color: int abs__primary_text_disable_only_holo_dark
com.yairkukielka.feedhungry.R$color: int abs__primary_text_disable_only_holo_light
com.yairkukielka.feedhungry.R$color: int abs__primary_text_holo_dark
com.yairkukielka.feedhungry.R$color: int abs__primary_text_holo_light
...
com.actionbarsherlock.R$id
com.actionbarsherlock.R$id: int abs__action_bar
com.actionbarsherlock.R$id: int abs__action_bar_container
com.actionbarsherlock.R$id: int abs__action_bar_subtitle
com.actionbarsherlock.R$id: int abs__action_bar_title
com.actionbarsherlock.R$id: int abs__action_context_bar
com.actionbarsherlock.R$id: int abs__action_menu_divider
com.actionbarsherlock.R$id: int abs__action_menu_presenter
com.actionbarsherlock.R$id: int abs__action_mode_bar
com.actionbarsherlock.R$id: int abs__action_mode_bar_stub
com.actionbarsherlock.R$id: int abs__action_mode_close_button
com.actionbarsherlock.R$id: int abs__activity_chooser_view_content
com.actionbarsherlock.R$id: int abs__checkbox
com.actionbarsherlock.R$id: int abs__content
com.actionbarsherlock.R$id: int abs__default_activity_button
com.actionbarsherlock.R$id: int abs__expand_activities_button
com.actionbarsherlock.R$id: int abs__home
com.actionbarsherlock.R$id: int abs__icon
com.actionbarsherlock.R$id: int abs__image
com.actionbarsherlock.R$id: int abs__imageButton
com.actionbarsherlock.R$id: int abs__list_item
com.actionbarsherlock.R$id: int abs__progress_circular
com.actionbarsherlock.R$id: int abs__progress_horizontal
com.actionbarsherlock.R$id: int abs__radio
com.actionbarsherlock.R$id: int abs__search_badge
com.actionbarsherlock.R$id: int abs__search_bar
com.actionbarsherlock.R$id: int abs__search_button
com.actionbarsherlock.R$id: int abs__search_close_btn
com.actionbarsherlock.R$integer
com.actionbarsherlock.R$integer: int abs__max_action_buttons
com.actionbarsherlock.R$integer: R$integer()
com.actionbarsherlock.R$layout
com.actionbarsherlock.R$layout: int abs__action_bar_home
com.actionbarsherlock.R$layout: int abs__action_bar_tab
com.actionbarsherlock.R$layout: int abs__action_bar_tab_bar_view
com.actionbarsherlock.R$layout: int abs__action_bar_title_item
com.actionbarsherlock.R$layout: int abs__action_menu_item_layout
com.actionbarsherlock.R$layout: int abs__action_menu_layout
com.actionbarsherlock.R$layout: int abs__action_mode_bar
com.actionbarsherlock.R$layout: int abs__action_mode_close_item
com.actionbarsherlock.R$layout: int abs__activity_chooser_view
com.actionbarsherlock.R$layout: int abs__activity_chooser_view_list_item
com.actionbarsherlock.R$layout: int abs__list_menu_item_checkbox
com.actionbarsherlock.R$layout: int abs__list_menu_item_icon
com.actionbarsherlock.R$layout: int abs__list_menu_item_radio
com.actionbarsherlock.R$layout: int abs__popup_menu_item_layout
com.actionbarsherlock.R$layout: int abs__screen_action_bar
com.actionbarsherlock.R$layout: int abs__screen_action_bar_overlay
com.actionbarsherlock.R$layout: int abs__screen_simple
com.actionbarsherlock.R$layout: int abs__screen_simple_overlay_action_mode
com.actionbarsherlock.R$layout: int abs__search_dropdown_item_icons_2line
com.actionbarsherlock.R$layout: int abs__search_view
com.actionbarsherlock.R$layout: int abs__simple_dropdown_hint
com.actionbarsherlock.R$layout: int sherlock_spinner_dropdown_item
com.actionbarsherlock.R$layout: int sherlock_spinner_item