feedhungry/proguard/mapping.txt
com.yairkukielka.feedhungry.EntryListFragment -> com.yairkukielka.feedhungry.a:
    java.lang.String TAG -> j
    android.support.v4.app.Fragment loadingFragment -> k
    java.lang.String continuation -> a
    android.widget.ListView mLvPicasa -> b
    boolean mHasData -> c
    boolean mInError -> d
    java.util.ArrayList mEntries -> e
    com.yairkukielka.feedhungry.ListViewEntryArrayAdapter mAdapter -> f
    java.lang.String streamId -> g
    java.lang.String accessToken -> h
    java.lang.Boolean isMix -> i
    98:100:void onCreate(android.os.Bundle) -> onCreate
    105:139:void afterViews() -> a
    142:146:void loadPage() -> c
    223:226:java.lang.String getContinuationParameter() -> d
    236:239:java.lang.String getOnlyUnreadParameter() -> e
    141:141:void access$0(com.yairkukielka.feedhungry.EntryListFragment) -> a
    210:210:void access$1$3f9ade71(com.yairkukielka.feedhungry.EntryListFragment) -> b
    305:305:void access$2(com.yairkukielka.feedhungry.EntryListFragment) -> c
    62:62:java.lang.String access$3() -> b
com.yairkukielka.feedhungry.EntryListFragment$1 -> com.yairkukielka.feedhungry.b:
    com.yairkukielka.feedhungry.EntryListFragment this$0 -> a
    116:133:void onItemClick(android.widget.AdapterView,android.view.View,int,long) -> onItemClick
com.yairkukielka.feedhungry.EntryListFragment$2 -> com.yairkukielka.feedhungry.c:
    com.yairkukielka.feedhungry.EntryListFragment this$0 -> a
    1:1:void onResponse(java.lang.Object) -> a
com.yairkukielka.feedhungry.EntryListFragment$3 -> com.yairkukielka.feedhungry.d:
    com.yairkukielka.feedhungry.EntryListFragment this$0 -> a
    199:206:void onErrorResponse(com.android.volley.VolleyError) -> a
com.yairkukielka.feedhungry.EntryListFragment$EndlessScrollListener -> com.yairkukielka.feedhungry.e:
    int visibleThreshold -> c
    int currentPage -> d
    int previousTotal -> e
    boolean loading -> f
    android.support.v4.app.Fragment srcollerLoadingFragment -> a
    com.yairkukielka.feedhungry.EntryListFragment this$0 -> b
    339:361:void onScroll(android.widget.AbsListView,int,int,int) -> onScroll
    366:366:void onScrollStateChanged(android.widget.AbsListView,int) -> onScrollStateChanged
com.yairkukielka.feedhungry.EntryListFragment_ -> com.yairkukielka.feedhungry.f:
    android.view.View contentView_ -> j
    28:30:void onCreate(android.os.Bundle) -> onCreate
    39:43:android.view.View onCreateView(android.view.LayoutInflater,android.view.ViewGroup,android.os.Bundle) -> onCreateView
    48:50:void onViewCreated(android.view.View,android.os.Bundle) -> onViewCreated
com.yairkukielka.feedhungry.ExpandableListAdapter -> com.yairkukielka.feedhungry.g:
    android.content.Context _context -> a
    java.util.List _listDataHeader -> b
    java.util.HashMap _listDataChild -> c
    35:35:java.lang.Object getChild(int,int) -> getChild
    40:40:long getChildId(int,int) -> getChildId
    47:76:android.view.View getChildView(int,int,boolean,android.view.View,android.view.ViewGroup) -> getChildView
    83:83:int getChildrenCount(int) -> getChildrenCount
    88:88:java.lang.Object getGroup(int) -> getGroup
    93:93:int getGroupCount() -> getGroupCount
    98:98:long getGroupId(int) -> getGroupId
    104:127:android.view.View getGroupView(int,boolean,android.view.View,android.view.ViewGroup) -> getGroupView
    132:132:boolean hasStableIds() -> hasStableIds
    137:137:boolean isChildSelectable(int,int) -> isChildSelectable
...
android.support.v4.view.accessibility.AccessibilityNodeProviderCompat -> android.support.v4.view.a.g:
    android.support.v4.view.accessibility.AccessibilityNodeProviderCompat$AccessibilityNodeProviderImpl IMPL -> a
    java.lang.Object mProvider -> b
    117:117:java.lang.Object getProvider() -> a
    143:143:android.support.v4.view.accessibility.AccessibilityNodeInfoCompat createAccessibilityNodeInfo$f3a5639() -> b
    160:160:boolean performAction$5985f823() -> c
    179:179:java.util.List findAccessibilityNodeInfosByText$2393931d() -> d
android.support.v4.view.accessibility.AccessibilityNodeProviderCompat$AccessibilityNodeProviderImpl -> android.support.v4.view.a.h:
    java.lang.Object newAccessibilityNodeProviderBridge(android.support.v4.view.accessibility.AccessibilityNodeProviderCompat) -> a
android.support.v4.view.accessibility.AccessibilityNodeProviderCompat$AccessibilityNodeProviderJellyBeanImpl -> android.support.v4.view.a.i:
    47:47:java.lang.Object newAccessibilityNodeProviderBridge(android.support.v4.view.accessibility.AccessibilityNodeProviderCompat) -> a
android.support.v4.view.accessibility.AccessibilityNodeProviderCompat$AccessibilityNodeProviderJellyBeanImpl$1 -> android.support.v4.view.a.j:
    android.support.v4.view.accessibility.AccessibilityNodeProviderCompat val$compat -> a
    android.support.v4.view.accessibility.AccessibilityNodeProviderCompat$AccessibilityNodeProviderJellyBeanImpl this$0 -> b
    52:52:boolean performAction$5985f823() -> a
    58:66:java.util.List findAccessibilityNodeInfosByText$2393931d() -> b
    72:74:java.lang.Object createAccessibilityNodeInfo$54cf32c4() -> c
android.support.v4.view.accessibility.AccessibilityNodeProviderCompat$AccessibilityNodeProviderStubImpl -> android.support.v4.view.a.k:
    39:39:java.lang.Object newAccessibilityNodeProviderBridge(android.support.v4.view.accessibility.AccessibilityNodeProviderCompat) -> a
android.support.v4.view.accessibility.AccessibilityNodeProviderCompatJellyBean -> android.support.v4.view.a.l:
android.support.v4.view.accessibility.AccessibilityNodeProviderCompatJellyBean$1 -> android.support.v4.view.a.m:
    android.support.v4.view.accessibility.AccessibilityNodeProviderCompatJellyBean$AccessibilityNodeInfoBridge val$bridge -> a
    41:41:android.view.accessibility.AccessibilityNodeInfo createAccessibilityNodeInfo(int) -> createAccessibilityNodeInfo
    49:49:java.util.List findAccessibilityNodeInfosByText(java.lang.String,int) -> findAccessibilityNodeInfosByText
    55:55:boolean performAction(int,int,android.os.Bundle) -> performAction
android.support.v4.view.accessibility.AccessibilityNodeProviderCompatJellyBean$AccessibilityNodeInfoBridge -> android.support.v4.view.a.n:
    java.lang.Object createAccessibilityNodeInfo$54cf32c4() -> c
    boolean performAction$5985f823() -> a
    java.util.List findAccessibilityNodeInfosByText$2393931d() -> b
android.support.v4.view.accessibility.AccessibilityRecordCompat -> android.support.v4.view.a.o:
    android.support.v4.view.accessibility.AccessibilityRecordCompat$AccessibilityRecordImpl IMPL -> a
    java.lang.Object mRecord -> b
    560:560:android.support.v4.view.accessibility.AccessibilityRecordCompat obtain() -> a
    714:715:void setScrollable(boolean) -> a
    734:735:void setItemCount(int) -> a
    780:781:void setFromIndex(int) -> b
    800:801:void setToIndex(int) -> c
    1019:1019:int hashCode() -> hashCode
    1025:1042:boolean equals(java.lang.Object) -> equals
android.support.v4.view.accessibility.AccessibilityRecordCompat$AccessibilityRecordIcsImpl -> android.support.v4.view.a.p:
    271:271:java.lang.Object obtain() -> a
    422:423:void setFromIndex(java.lang.Object,int) -> a
    432:433:void setItemCount(java.lang.Object,int) -> b
    462:463:void setScrollable(java.lang.Object,boolean) -> a
    472:473:void setToIndex(java.lang.Object,int) -> c