feedhungry/proguard/usage.txt
com.yairkukielka.feedhungry.BuildConfig
com.yairkukielka.feedhungry.EntryListFragment:
    private static final java.lang.String STREAM_PATH
    private static final java.lang.String MIXES_PATH
    public static final java.lang.String STREAM_ID
    public static final java.lang.String ACCESS_TOKEN
    public static final java.lang.String IS_MIX
    private static final java.lang.String ENTRY_ID
    private static final java.lang.String ENTRY_TITLE
    private static final java.lang.String ENTRY_CONTENT
    private static final java.lang.String ENTRY_AUTHOR
    private static final java.lang.String STREAM_TITLE
    private static final java.lang.String ENTRY_DATE
    public static final int POPULAR_ITEMS_PAGE_SIZE
    public static final java.lang.String RESULTS_PAGE_SIZE
    private static final java.lang.String COUNT_PARAM
    private static final java.lang.String CONTINUATION_PARAM
    private static final java.lang.String ONLY_UNREAD_PARAM
com.yairkukielka.feedhungry.EntryListFragment$EndlessScrollListener:
    333:335:public EntryListFragment$EndlessScrollListener(com.yairkukielka.feedhungry.EntryListFragment,int)
    369:369:public int getCurrentPage()
com.yairkukielka.feedhungry.EntryListFragment_:
    60:60:public static com.yairkukielka.feedhungry.EntryListFragment_$FragmentBuilder_ builder()
com.yairkukielka.feedhungry.EntryListFragment_$FragmentBuilder_
com.yairkukielka.feedhungry.FeedEntryActivity:
    private static final java.lang.String ENTRY_PATH
    private static final java.lang.String MARKERS_PATH
    private static final java.lang.String MARK_READ
    private static final java.lang.String MARK_KEEP_UNREAD
    private static final java.lang.String ENTRIES_IDS
    private static final java.lang.String ENTRY_ID
    private static final java.lang.String ENTRY_TITLE
    private static final java.lang.String ENTRY_AUTHOR
    private static final java.lang.String ENTRY_DATE
    public static final java.lang.String ACCESS_TOKEN
    private static final java.lang.String STREAM_TITLE
    private static final java.lang.String EXTRA_SCROLL_POSITION
    private static final java.lang.String BY
    private static final java.lang.String encoding
    private static final int WEBVIEW_TEXT_SIZE
    private static final java.lang.String TEXT_HTML
    private static final java.lang.String HTML_OPEN_TAG
    private static final java.lang.String BODY_CLOSE_HTML_CLOSE_TAGS
    private static final java.lang.String HTML_BODY_TAG
    private static final java.lang.String HTML_HEAD
    private static final java.lang.String DIV_PREFIX
    private static final java.lang.String DIV_SUFIX
    private boolean scrolled
    private static final java.lang.String TEXT_PLAIN
    313:316:private void showErrorDialog(java.lang.String)
com.yairkukielka.feedhungry.FeedEntryActivity_:
    78:78:public static com.yairkukielka.feedhungry.FeedEntryActivity_$IntentBuilder_ intent(android.content.Context)
com.yairkukielka.feedhungry.FeedEntryActivity_$IntentBuilder_
com.yairkukielka.feedhungry.ListViewEntryArrayAdapter:
    private static final java.lang.String ACTION
    private static final java.lang.String TYPE
    private static final java.lang.String ENTRIES
    private static final java.lang.String ENTRIES_IDS
    private static final java.lang.String HTML_OPEN_MARK
    private static final java.lang.String MARK_AS_READ
    private static final java.lang.String EMPTY_STRING
    private static final java.lang.String MARK_AS_UNREAD
com.yairkukielka.feedhungry.LoadingFragment_:
    48:51:public android.view.View findViewById(int)
    55:55:public static com.yairkukielka.feedhungry.LoadingFragment_$FragmentBuilder_ builder()
com.yairkukielka.feedhungry.LoadingFragment_$FragmentBuilder_
...
android.support.v4.media.TransportMediator$1
android.support.v4.media.TransportMediator$2
android.support.v4.media.TransportMediatorCallback
android.support.v4.media.TransportMediatorJellybeanMR2
android.support.v4.media.TransportMediatorJellybeanMR2$1
android.support.v4.media.TransportMediatorJellybeanMR2$2
android.support.v4.media.TransportMediatorJellybeanMR2$3
android.support.v4.media.TransportMediatorJellybeanMR2$4
android.support.v4.media.TransportPerformer
android.support.v4.media.TransportStateListener
android.support.v4.net.ConnectivityManagerCompat
android.support.v4.net.ConnectivityManagerCompat$BaseConnectivityManagerCompatImpl
android.support.v4.net.ConnectivityManagerCompat$ConnectivityManagerCompatImpl
android.support.v4.net.ConnectivityManagerCompat$GingerbreadConnectivityManagerCompatImpl
android.support.v4.net.ConnectivityManagerCompat$HoneycombMR2ConnectivityManagerCompatImpl
android.support.v4.net.ConnectivityManagerCompat$JellyBeanConnectivityManagerCompatImpl
android.support.v4.net.ConnectivityManagerCompatGingerbread
android.support.v4.net.ConnectivityManagerCompatHoneycombMR2
android.support.v4.net.ConnectivityManagerCompatJellyBean
android.support.v4.net.TrafficStatsCompat
android.support.v4.net.TrafficStatsCompat$1
android.support.v4.net.TrafficStatsCompat$BaseTrafficStatsCompatImpl
android.support.v4.net.TrafficStatsCompat$BaseTrafficStatsCompatImpl$1
android.support.v4.net.TrafficStatsCompat$BaseTrafficStatsCompatImpl$SocketTags
android.support.v4.net.TrafficStatsCompat$IcsTrafficStatsCompatImpl
android.support.v4.net.TrafficStatsCompat$TrafficStatsCompatImpl
android.support.v4.net.TrafficStatsCompatIcs
android.support.v4.os.ParcelableCompat:
    26:42:public ParcelableCompat()
android.support.v4.os.ParcelableCompatCreatorHoneycombMR2Stub:
    22:22:ParcelableCompatCreatorHoneycombMR2Stub()
android.support.v4.text.BidiFormatter
android.support.v4.text.BidiFormatter$1
android.support.v4.text.BidiFormatter$Builder
android.support.v4.text.BidiFormatter$DirectionalityEstimator
android.support.v4.text.ICUCompat
android.support.v4.text.ICUCompat$ICUCompatImpl
android.support.v4.text.ICUCompat$ICUCompatImplBase
android.support.v4.text.ICUCompat$ICUCompatImplIcs
android.support.v4.text.ICUCompatIcs
android.support.v4.text.TextDirectionHeuristicCompat
android.support.v4.text.TextDirectionHeuristicsCompat
android.support.v4.text.TextDirectionHeuristicsCompat$1
android.support.v4.text.TextDirectionHeuristicsCompat$AnyStrong
android.support.v4.text.TextDirectionHeuristicsCompat$FirstStrong
android.support.v4.text.TextDirectionHeuristicsCompat$TextDirectionAlgorithm
android.support.v4.text.TextDirectionHeuristicsCompat$TextDirectionHeuristicImpl
android.support.v4.text.TextDirectionHeuristicsCompat$TextDirectionHeuristicInternal
android.support.v4.text.TextDirectionHeuristicsCompat$TextDirectionHeuristicLocale
android.support.v4.text.TextUtilsCompat
android.support.v4.util.AtomicFile
android.support.v4.util.DebugUtils:
    25:25:public DebugUtils()
android.support.v4.util.LongSparseArray
android.support.v4.util.LruCache:
    177:193:public final java.lang.Object remove(java.lang.Object)
    255:256:public final void evictAll()
    264:264:public final synchronized int size()
    273:273:public final synchronized int maxSize()
    280:280:public final synchronized int hitCount()
    288:288:public final synchronized int missCount()
    295:295:public final synchronized int createCount()
    302:302:public final synchronized int putCount()
    309:309:public final synchronized int evictionCount()
    317:317:public final synchronized java.util.Map snapshot()